# JRE version: OpenJDK Runtime Environment (15.0.1+9) (build 15.0.1+9-18)
# Java VM: OpenJDK 64-Bit Server VM (15.0.1+9-18, mixed mode, sharing, tiered, compressed oops, g1 gc, windows-amd64)
GC Precious Log:
 CPUs: 8 total, 8 available
 Memory: 8060M
 Large Page Support: Disabled
 NUMA Support: Disabled
 Compressed Oops: Enabled (32-bit)
 Heap Region Size: 1M
 Heap Min Capacity: 8M
 Heap Initial Capacity: 126M
 Heap Max Capacity: 2016M
 Pre-touch: Disabled
 Parallel Workers: 8
 Concurrent Workers: 2
 Concurrent Refinement Workers: 8
 Periodic GC: Disabled
Heap:
 garbage-first heap   total 53248K, used 33194K [0x0000000082000000, 0x0000000100000000)
  region size 1024K, 7 young (7168K), 2 survivors (2048K)
 Metaspace       used 56312K, capacity 56829K, committed 57008K, reserved 1099776K
  class space    used 7196K, capacity 7347K, committed 7424K, reserved 1048576K
GC Heap History (20 events):
Event: 12.106 GC heap before
{Heap before GC invocations=11 (full 0):
 garbage-first heap   total 48128K, used 34971K [0x0000000082000000, 0x0000000100000000)
  region size 1024K, 23 young (23552K), 3 survivors (3072K)
 Metaspace       used 35305K, capacity 35754K, committed 35888K, reserved 1081344K
  class space    used 4457K, capacity 4635K, committed 4736K, reserved 1048576K
}
Event: 12.111 GC heap after
{Heap after GC invocations=12 (full 0):
 garbage-first heap   total 48128K, used 17424K [0x0000000082000000, 0x0000000100000000)
  region size 1024K, 3 young (3072K), 3 survivors (3072K)
 Metaspace       used 35305K, capacity 35754K, committed 35888K, reserved 1081344K
  class space    used 4457K, capacity 4635K, committed 4736K, reserved 1048576K
}
Event: 13.781 GC heap before
{Heap before GC invocations=13 (full 0):
 garbage-first heap   total 48128K, used 36880K [0x0000000082000000, 0x0000000100000000)
  region size 1024K, 23 young (23552K), 3 survivors (3072K)
 Metaspace       used 41727K, capacity 42167K, committed 42544K, reserved 1087488K
  class space    used 5214K, capacity 5379K, committed 5504K, reserved 1048576K
}
Event: 13.789 GC heap after
{Heap after GC invocations=14 (full 0):
 garbage-first heap   total 48128K, used 19813K [0x0000000082000000, 0x0000000100000000)
  region size 1024K, 3 young (3072K), 3 survivors (3072K)
 Metaspace       used 41727K, capacity 42167K, committed 42544K, reserved 1087488K
  class space    used 5214K, capacity 5379K, committed 5504K, reserved 1048576K
}
Event: 14.552 GC heap before
{Heap before GC invocations=14 (full 0):
 garbage-first heap   total 48128K, used 37221K [0x0000000082000000, 0x0000000100000000)
  region size 1024K, 21 young (21504K), 3 survivors (3072K)
 Metaspace       used 45047K, capacity 45423K, committed 45744K, reserved 1089536K
  class space    used 5622K, capacity 5800K, committed 5888K, reserved 1048576K
}
Event: 14.558 GC heap after
{Heap after GC invocations=15 (full 0):
 garbage-first heap   total 48128K, used 21348K [0x0000000082000000, 0x0000000100000000)
  region size 1024K, 2 young (2048K), 2 survivors (2048K)
 Metaspace       used 45047K, capacity 45423K, committed 45744K, reserved 1089536K
  class space    used 5622K, capacity 5800K, committed 5888K, reserved 1048576K
}
Event: 15.123 GC heap before
{Heap before GC invocations=15 (full 0):
 garbage-first heap   total 48128K, used 36708K [0x0000000082000000, 0x0000000100000000)
  region size 1024K, 18 young (18432K), 2 survivors (2048K)
 Metaspace       used 47534K, capacity 47931K, committed 48176K, reserved 1091584K
  class space    used 6023K, capacity 6186K, committed 6272K, reserved 1048576K
}
Event: 15.128 GC heap after
{Heap after GC invocations=16 (full 0):
 garbage-first heap   total 48128K, used 22535K [0x0000000082000000, 0x0000000100000000)
  region size 1024K, 3 young (3072K), 3 survivors (3072K)
 Metaspace       used 47534K, capacity 47931K, committed 48176K, reserved 1091584K
  class space    used 6023K, capacity 6186K, committed 6272K, reserved 1048576K
}
Event: 15.632 GC heap before
{Heap before GC invocations=16 (full 0):
 garbage-first heap   total 48128K, used 37895K [0x0000000082000000, 0x0000000100000000)
  region size 1024K, 18 young (18432K), 3 survivors (3072K)
 Metaspace       used 48861K, capacity 49347K, committed 49584K, reserved 1093632K
  class space    used 6197K, capacity 6357K, committed 6400K, reserved 1048576K
}
Event: 15.636 GC heap after
{Heap after GC invocations=17 (full 0):
 garbage-first heap   total 48128K, used 23470K [0x0000000082000000, 0x0000000100000000)
  region size 1024K, 3 young (3072K), 3 survivors (3072K)
 Metaspace       used 48861K, capacity 49347K, committed 49584K, reserved 1093632K
  class space    used 6197K, capacity 6357K, committed 6400K, reserved 1048576K
}
Event: 16.026 GC heap before
{Heap before GC invocations=17 (full 0):
 garbage-first heap   total 48128K, used 36782K [0x0000000082000000, 0x0000000100000000)
  region size 1024K, 16 young (16384K), 3 survivors (3072K)
 Metaspace       used 50247K, capacity 50741K, committed 50992K, reserved 1093632K
  class space    used 6374K, capacity 6520K, committed 6528K, reserved 1048576K
}
Event: 16.032 GC heap after
{Heap after GC invocations=18 (full 0):
 garbage-first heap   total 48128K, used 24996K [0x0000000082000000, 0x0000000100000000)
  region size 1024K, 2 young (2048K), 2 survivors (2048K)
 Metaspace       used 50247K, capacity 50741K, committed 50992K, reserved 1093632K
  class space    used 6374K, capacity 6520K, committed 6528K, reserved 1048576K
}
Event: 16.587 GC heap before
{Heap before GC invocations=19 (full 0):
 garbage-first heap   total 48128K, used 38308K [0x0000000082000000, 0x0000000100000000)
  region size 1024K, 15 young (15360K), 2 survivors (2048K)
 Metaspace       used 52194K, capacity 52728K, committed 52784K, reserved 1095680K
  class space    used 6640K, capacity 6777K, committed 6784K, reserved 1048576K
}
Event: 16.592 GC heap after
{Heap after GC invocations=20 (full 0):
 garbage-first heap   total 48128K, used 26509K [0x0000000082000000, 0x0000000100000000)
  region size 1024K, 2 young (2048K), 2 survivors (2048K)
 Metaspace       used 52194K, capacity 52728K, committed 52784K, reserved 1095680K
  class space    used 6640K, capacity 6777K, committed 6784K, reserved 1048576K
}
Event: 16.995 GC heap before
{Heap before GC invocations=20 (full 0):
 garbage-first heap   total 48128K, used 36749K [0x0000000082000000, 0x0000000100000000)
  region size 1024K, 12 young (12288K), 2 survivors (2048K)
 Metaspace       used 53423K, capacity 53953K, committed 54064K, reserved 1095680K
  class space    used 6801K, capacity 6972K, committed 7040K, reserved 1048576K
}
Event: 17.000 GC heap after
{Heap after GC invocations=21 (full 0):
 garbage-first heap   total 48128K, used 27112K [0x0000000082000000, 0x0000000100000000)
  region size 1024K, 1 young (1024K), 1 survivors (1024K)
 Metaspace       used 53423K, capacity 53953K, committed 54064K, reserved 1095680K
  class space    used 6801K, capacity 6972K, committed 7040K, reserved 1048576K
}
Event: 17.475 GC heap before
{Heap before GC invocations=22 (full 0):
 garbage-first heap   total 53248K, used 36328K [0x0000000082000000, 0x0000000100000000)
  region size 1024K, 11 young (11264K), 1 survivors (1024K)
 Metaspace       used 54044K, capacity 54545K, committed 54576K, reserved 1097728K
  class space    used 6892K, capacity 7039K, committed 7040K, reserved 1048576K
}
Event: 17.480 GC heap after
{Heap after GC invocations=23 (full 0):
 garbage-first heap   total 53248K, used 27857K [0x0000000082000000, 0x0000000100000000)
  region size 1024K, 2 young (2048K), 2 survivors (2048K)
 Metaspace       used 54044K, capacity 54545K, committed 54576K, reserved 1097728K
  class space    used 6892K, capacity 7039K, committed 7040K, reserved 1048576K
}
Event: 18.246 GC heap before
{Heap before GC invocations=23 (full 0):
 garbage-first heap   total 53248K, used 41169K [0x0000000082000000, 0x0000000100000000)
  region size 1024K, 15 young (15360K), 2 survivors (2048K)
 Metaspace       used 55933K, capacity 56438K, committed 56752K, reserved 1099776K
  class space    used 7140K, capacity 7305K, committed 7424K, reserved 1048576K
}
Event: 18.252 GC heap after
{Heap after GC invocations=24 (full 0):
 garbage-first heap   total 53248K, used 29098K [0x0000000082000000, 0x0000000100000000)
  region size 1024K, 2 young (2048K), 2 survivors (2048K)
 Metaspace       used 55933K, capacity 56438K, committed 56752K, reserved 1099776K
  class space    used 7140K, capacity 7305K, committed 7424K, reserved 1048576K
}

